{
  "stats": {
    "suites": 0,
    "tests": 1,
    "passes": 1,
    "pending": 0,
    "failures": 0,
    "start": "2023-04-30T19:08:41.669Z",
    "end": "2023-04-30T19:08:52.548Z",
    "duration": 10879,
    "testsRegistered": 1,
    "passPercent": 100,
    "pendingPercent": 0,
    "other": 0,
    "hasOther": false,
    "skipped": 0,
    "hasSkipped": false
  },
  "results": [
    {
      "uuid": "b81aa46a-5b68-4604-ab3d-301f33879640",
      "title": "",
      "fullFile": "cypress\\e2e\\TS001-checkout vix program\\TC003.cy.js",
      "file": "cypress\\e2e\\TS001-checkout vix program\\TC003.cy.js",
      "beforeHooks": [],
      "afterHooks": [],
      "tests": [
        {
          "title": "Unauthenticated user checkout program and cancel the login option",
          "fullTitle": "Unauthenticated user checkout program and cancel the login option",
          "timedOut": null,
          "duration": 10688,
          "state": "passed",
          "speed": "slow",
          "pass": true,
          "fail": false,
          "pending": false,
          "context": "{\n  \"title\": \"cypress-mochawesome-reporter-videos\",\n  \"value\": \"cypress\\\\e2e\\\\TS001-checkout vix program\\\\TC003.cy.js\"\n}",
          "code": "cy.visit('/virtual-internship-experience/explore');\n//choose one program that will be registered\ncy.get('#root > div > div:nth-child(3)> div:nth-child(8) > div:nth-child(1)').click();\ncy.get('[data-cy=register-vix-button]').click({\n  force: true\n});\n//verify login pop up confirmation is shown\ncy.get('[data-cy=login-first-modal-title]').should('exist');\n//click batal button\ncy.get('body > div:nth-child(9) > div > div.ant-modal-wrap > div > div.ant-modal-content > div > div > button:nth-child(1)').click();\n//verify system redirect to login form\ncy.url().should('include', '/virtual-internship-experience/');",
          "err": {},
          "uuid": "360d4f92-4051-40ec-b7b4-483f316b3912",
          "parentUUID": "b81aa46a-5b68-4604-ab3d-301f33879640",
          "isHook": false,
          "skipped": false
        }
      ],
      "suites": [],
      "passes": [
        "360d4f92-4051-40ec-b7b4-483f316b3912"
      ],
      "failures": [],
      "pending": [],
      "skipped": [],
      "duration": 10688,
      "root": true,
      "rootEmpty": false,
      "_timeout": 2000
    }
  ],
  "meta": {
    "mocha": {
      "version": "7.0.1"
    },
    "mochawesome": {
      "options": {
        "quiet": false,
        "reportFilename": "mochawesome",
        "saveHtml": false,
        "saveJson": true,
        "consoleReporter": "spec",
        "useInlineDiffs": false,
        "code": true
      },
      "version": "7.1.3"
    },
    "marge": {
      "options": {
        "overwrite": false,
        "html": false,
        "json": true,
        "reportDir": "cypress\\reports\\html\\.jsons"
      },
      "version": "6.2.0"
    }
  }
}