{
  "stats": {
    "suites": 0,
    "tests": 1,
    "passes": 1,
    "pending": 0,
    "failures": 0,
    "start": "2023-04-30T19:08:08.890Z",
    "end": "2023-04-30T19:08:32.186Z",
    "duration": 23296,
    "testsRegistered": 1,
    "passPercent": 100,
    "pendingPercent": 0,
    "other": 0,
    "hasOther": false,
    "skipped": 0,
    "hasSkipped": false
  },
  "results": [
    {
      "uuid": "61e48ab9-a985-4c8b-8847-763b4a124fa9",
      "title": "",
      "fullFile": "cypress\\e2e\\TS001-checkout vix program\\TC002.cy.js",
      "file": "cypress\\e2e\\TS001-checkout vix program\\TC002.cy.js",
      "beforeHooks": [],
      "afterHooks": [],
      "tests": [
        {
          "title": "Unauthenticated user checkout program",
          "fullTitle": "Unauthenticated user checkout program",
          "timedOut": null,
          "duration": 23143,
          "state": "passed",
          "speed": "slow",
          "pass": true,
          "fail": false,
          "pending": false,
          "context": "{\n  \"title\": \"cypress-mochawesome-reporter-videos\",\n  \"value\": \"cypress\\\\e2e\\\\TS001-checkout vix program\\\\TC002.cy.js\"\n}",
          "code": "cy.visit('/virtual-internship-experience/explore');\n//choose one program that will be registered\ncy.get('#root > div > div:nth-child(3)> div:nth-child(8) > div:nth-child(1)').click();\ncy.get('[data-cy=register-vix-button]').click({\n  force: true\n});\n//verify login pop up confirmation is shown\ncy.get('[data-cy=login-first-modal-title]').should('exist');\n//click login button\ncy.get('[data-cy=login-first-button]').click();\n//verify system redirect to login form\ncy.url().should('include', '/login');\n//call login function\ncy.login();\ncy.wait(2000);\n//click daftar sekarang button\ncy.get('[data-cy=register-vix-button]').click({\n  force: true\n});\n//verify form application is shown by system\ncy.get('[data-cy=vix-form-title]').should('exist');\n//fill the vix application form\ncy.get('[data-cy=full-name-text-field').clear();\ncy.get('[data-cy=full-name-text-field').type('Seio');\ncy.get('[data-cy=phone-number-text-field').clear();\ncy.get('[data-cy=phone-number-text-field').type('089129876543');\ncy.get('[data-cy=linkedin-url-text-field').clear();\ncy.get('[data-cy=linkedin-url-text-field').type('https://linkein.com/seio');\ncy.get('[data-cy=vix-info-source-option-1]').click();\ncy.get('[data-cy=agreement-checkbox]').click();\n//verify submit button is clickable\ncy.get('[data-cy=vix-form-submit-button]').should('not.be.disabled');\n//click submit button\ncy.get('[data-cy=vix-form-submit-button]').click();\n//verify confirmation pop up is shown\ncy.get('[data-cy=confirmation-modal-title]').should('exist');\n//confirm to submit form filled in\ncy.get('[data-cy=button-confirm]').click();\n//verify system redirect to checkout page\ncy.url().should('include', '/checkout');\n//choose vip access\ncy.get('[data-cy=vip-access-checkbox]').click();\ncy.get('[data-cy=vip-access-checkbox]').click();\n//click lanjutkan pembayaran button\n//cy.get('[data-cy=continue-to-payment-button]').click()",
          "err": {},
          "uuid": "3d008cec-2f38-40fa-bf59-fb03add3bc4e",
          "parentUUID": "61e48ab9-a985-4c8b-8847-763b4a124fa9",
          "isHook": false,
          "skipped": false
        }
      ],
      "suites": [],
      "passes": [
        "3d008cec-2f38-40fa-bf59-fb03add3bc4e"
      ],
      "failures": [],
      "pending": [],
      "skipped": [],
      "duration": 23143,
      "root": true,
      "rootEmpty": false,
      "_timeout": 2000
    }
  ],
  "meta": {
    "mocha": {
      "version": "7.0.1"
    },
    "mochawesome": {
      "options": {
        "quiet": false,
        "reportFilename": "mochawesome",
        "saveHtml": false,
        "saveJson": true,
        "consoleReporter": "spec",
        "useInlineDiffs": false,
        "code": true
      },
      "version": "7.1.3"
    },
    "marge": {
      "options": {
        "overwrite": false,
        "html": false,
        "json": true,
        "reportDir": "cypress\\reports\\html\\.jsons"
      },
      "version": "6.2.0"
    }
  }
}