{
  "stats": {
    "suites": 0,
    "tests": 1,
    "passes": 1,
    "pending": 0,
    "failures": 0,
    "start": "2023-04-30T19:09:37.362Z",
    "end": "2023-04-30T19:10:01.475Z",
    "duration": 24113,
    "testsRegistered": 1,
    "passPercent": 100,
    "pendingPercent": 0,
    "other": 0,
    "hasOther": false,
    "skipped": 0,
    "hasSkipped": false
  },
  "results": [
    {
      "uuid": "2549f63e-93fa-43e5-a583-8a0584990531",
      "title": "",
      "fullFile": "cypress\\e2e\\TS001-checkout vix program\\TC005.cy.js",
      "file": "cypress\\e2e\\TS001-checkout vix program\\TC005.cy.js",
      "beforeHooks": [],
      "afterHooks": [],
      "tests": [
        {
          "title": "Invalid input in nomor telepon’s field in the application form",
          "fullTitle": "Invalid input in nomor telepon’s field in the application form",
          "timedOut": null,
          "duration": 23868,
          "state": "passed",
          "speed": "slow",
          "pass": true,
          "fail": false,
          "pending": false,
          "context": "{\n  \"title\": \"cypress-mochawesome-reporter-videos\",\n  \"value\": \"cypress\\\\e2e\\\\TS001-checkout vix program\\\\TC005.cy.js\"\n}",
          "code": "//call login function\ncy.login();\ncy.wait(2000);\n//click rakamin academy's icon to access the main page\ncy.get(\"#root > div:nth-child(1) > nav > div > a > img\").click();\n//click hamburger menu\ncy.get(\"#root > div:nth-child(1) > div > img\").click();\ncy.wait(1000);\n//verify menu is exist\ncy.get('[data-cy=courses-navigation]').should('exist');\ncy.get('[data-cy=dashboard-page-button]').should('exist');\n//expand virtual internship and choose explore vix program\ncy.get('[data-cy=vix-dropdown-menu]').click({\n  multiple: true,\n  force: true\n});\ncy.get('[data-cy=explore-vix-navigation]').click({\n  multiple: true,\n  force: true\n});\n//verify system redirect to vix explore page\ncy.url().should('include', '/virtual-internship-experience/explore');\n//close hamburger menu pop up\ncy.get('#root > div > div:nth-child(3)').as('btn').click({\n  multiple: true,\n  force: true\n});\n//choose one program that will be registered\ncy.get('#root > div > div:nth-child(3)> div:nth-child(9)> div:nth-child(1)').click();\ncy.get('[data-cy=register-vix-button]').click({\n  force: true\n});\n//verify form application is shown by system\ncy.get('[data-cy=vix-form-title]').should('exist');\n//fill the vix application form\ncy.get('[data-cy=full-name-text-field').clear();\ncy.get('[data-cy=full-name-text-field').type('Seio');\ncy.get('[data-cy=phone-number-text-field').clear();\ncy.get('[data-cy=phone-number-text-field').type('string');\n//verify the Nomor Whatsapp's field is empty\ncy.get('[data-cy=phone-number-text-field').should('be.empty');",
          "err": {},
          "uuid": "8a676768-9b59-4cb3-bc0e-9c3d58bf7143",
          "parentUUID": "2549f63e-93fa-43e5-a583-8a0584990531",
          "isHook": false,
          "skipped": false
        }
      ],
      "suites": [],
      "passes": [
        "8a676768-9b59-4cb3-bc0e-9c3d58bf7143"
      ],
      "failures": [],
      "pending": [],
      "skipped": [],
      "duration": 23868,
      "root": true,
      "rootEmpty": false,
      "_timeout": 2000
    }
  ],
  "meta": {
    "mocha": {
      "version": "7.0.1"
    },
    "mochawesome": {
      "options": {
        "quiet": false,
        "reportFilename": "mochawesome",
        "saveHtml": false,
        "saveJson": true,
        "consoleReporter": "spec",
        "useInlineDiffs": false,
        "code": true
      },
      "version": "7.1.3"
    },
    "marge": {
      "options": {
        "overwrite": false,
        "html": false,
        "json": true,
        "reportDir": "cypress\\reports\\html\\.jsons"
      },
      "version": "6.2.0"
    }
  }
}