{
  "stats": {
    "suites": 0,
    "tests": 1,
    "passes": 1,
    "pending": 0,
    "failures": 0,
    "start": "2023-04-30T19:15:18.368Z",
    "end": "2023-04-30T19:15:56.175Z",
    "duration": 37807,
    "testsRegistered": 1,
    "passPercent": 100,
    "pendingPercent": 0,
    "other": 0,
    "hasOther": false,
    "skipped": 0,
    "hasSkipped": false
  },
  "results": [
    {
      "uuid": "2b51965a-f6f7-4a55-a507-be9cc2eb8883",
      "title": "",
      "fullFile": "cypress\\e2e\\TS003-checkout vix program basic\\TC001.cy.js",
      "file": "cypress\\e2e\\TS003-checkout vix program basic\\TC001.cy.js",
      "beforeHooks": [],
      "afterHooks": [],
      "tests": [
        {
          "title": "User checkout program with Basic Access",
          "fullTitle": "User checkout program with Basic Access",
          "timedOut": null,
          "duration": 37510,
          "state": "passed",
          "speed": "slow",
          "pass": true,
          "fail": false,
          "pending": false,
          "context": "{\n  \"title\": \"cypress-mochawesome-reporter-videos\",\n  \"value\": \"cypress\\\\e2e\\\\TS003-checkout vix program basic\\\\TC001.cy.js\"\n}",
          "code": "//call login function\ncy.login();\ncy.wait(2000);\n//click rakamin academy's icon to access the main page\ncy.get(\"#root > div:nth-child(1) > nav > div > a > img\").click();\n//click hamburger menu\ncy.get(\"#root > div:nth-child(1) > div > img\").click();\ncy.wait(5000);\n//verify menu is exist\ncy.get('[data-cy=courses-navigation]').should('exist');\ncy.get('[data-cy=dashboard-page-button]').should('exist');\n//expand virtual internship and choose explore vix program\ncy.get('[data-cy=vix-dropdown-menu]').click({\n  multiple: true,\n  force: true\n});\ncy.get('[data-cy=explore-vix-navigation]').click({\n  multiple: true,\n  force: true\n});\n//verify system redirect to vix explore page\ncy.url().should('include', '/virtual-internship-experience/explore');\n//close hamburger menu pop up\ncy.get('#root > div > div:nth-child(3)').as('btn').click({\n  multiple: true,\n  force: true\n});\n//choose one program that will be registered\ncy.get('#root > div > div:nth-child(3)> div:nth-child(9)> div:nth-child(1)').click();\ncy.get('[data-cy=register-vix-button]').click({\n  force: true\n});\n//verify form application is shown by system\ncy.get('[data-cy=vix-form-title]').should('exist');\n//fill the vix application form\ncy.get('[data-cy=full-name-text-field').clear();\ncy.get('[data-cy=full-name-text-field').type('Seio');\ncy.get('[data-cy=phone-number-text-field').clear();\ncy.get('[data-cy=phone-number-text-field').type('089129876543');\ncy.get('[data-cy=linkedin-url-text-field').clear();\ncy.get('[data-cy=linkedin-url-text-field').type('https://linkein.com/seio');\ncy.get('[data-cy=vix-info-source-option-1]').click();\ncy.get('[data-cy=agreement-checkbox]').click();\n//verify submit button is clickable\ncy.get('[data-cy=vix-form-submit-button]').should('not.be.disabled');\n//click submit button\ncy.get('[data-cy=vix-form-submit-button]').click();\n//verify confirmation pop up is shown\ncy.get('[data-cy=confirmation-modal-title]').should('exist');\n//confirm to submit form filled in\ncy.get('[data-cy=button-confirm]').click();\n//verify system redirect to checkout page\ncy.url().should('include', '/checkout');\n//choose basic access\ncy.get('[data-cy=basic-access-checkbox]').click();\n//verify default chosen vip access before, is unchecked\ncy.get('[data-cy=vip-access-checkbox').should('be.empty');\n//click lanjutkan pembayaran button\n//cy.get('[data-cy=continue-to-payment-button]').click()",
          "err": {},
          "uuid": "3f759e21-605b-450d-a180-27ddeb3594fb",
          "parentUUID": "2b51965a-f6f7-4a55-a507-be9cc2eb8883",
          "isHook": false,
          "skipped": false
        }
      ],
      "suites": [],
      "passes": [
        "3f759e21-605b-450d-a180-27ddeb3594fb"
      ],
      "failures": [],
      "pending": [],
      "skipped": [],
      "duration": 37510,
      "root": true,
      "rootEmpty": false,
      "_timeout": 2000
    }
  ],
  "meta": {
    "mocha": {
      "version": "7.0.1"
    },
    "mochawesome": {
      "options": {
        "quiet": false,
        "reportFilename": "mochawesome",
        "saveHtml": false,
        "saveJson": true,
        "consoleReporter": "spec",
        "useInlineDiffs": false,
        "code": true
      },
      "version": "7.1.3"
    },
    "marge": {
      "options": {
        "overwrite": false,
        "html": false,
        "json": true,
        "reportDir": "cypress\\reports\\html\\.jsons"
      },
      "version": "6.2.0"
    }
  }
}