{
  "stats": {
    "suites": 0,
    "tests": 1,
    "passes": 1,
    "pending": 0,
    "failures": 0,
    "start": "2023-04-30T19:11:30.592Z",
    "end": "2023-04-30T19:11:53.239Z",
    "duration": 22647,
    "testsRegistered": 1,
    "passPercent": 100,
    "pendingPercent": 0,
    "other": 0,
    "hasOther": false,
    "skipped": 0,
    "hasSkipped": false
  },
  "results": [
    {
      "uuid": "12d4ab0a-2814-49b2-a6cd-695788b0e407",
      "title": "",
      "fullFile": "cypress\\e2e\\TS001-checkout vix program\\TC008.cy.js",
      "file": "cypress\\e2e\\TS001-checkout vix program\\TC008.cy.js",
      "beforeHooks": [],
      "afterHooks": [],
      "tests": [
        {
          "title": "User checkout program with a quota to apply for internships has run out",
          "fullTitle": "User checkout program with a quota to apply for internships has run out",
          "timedOut": null,
          "duration": 22300,
          "state": "passed",
          "speed": "slow",
          "pass": true,
          "fail": false,
          "pending": false,
          "context": "{\n  \"title\": \"cypress-mochawesome-reporter-videos\",\n  \"value\": \"cypress\\\\e2e\\\\TS001-checkout vix program\\\\TC008.cy.js\"\n}",
          "code": "//call login function\ncy.login();\ncy.wait(2000);\n//click rakamin academy's icon to access the main page\ncy.get(\"#root > div:nth-child(1) > nav > div > a > img\").click();\n//click hamburger menu\ncy.get(\"#root > div:nth-child(1) > div > img\").click();\ncy.wait(1000);\n//verify menu is exist\ncy.get('[data-cy=courses-navigation]').should('exist');\ncy.get('[data-cy=dashboard-page-button]').should('exist');\n//expand virtual internship and choose explore vix program\ncy.get('[data-cy=vix-dropdown-menu]').click({\n  multiple: true,\n  force: true\n});\ncy.get('[data-cy=explore-vix-navigation]').click({\n  multiple: true,\n  force: true\n});\n//verify system redirect to vix explore page\ncy.url().should('include', '/virtual-internship-experience/explore');\n//close hamburger menu pop up\ncy.get('#root > div > div:nth-child(3)').as('btn').click({\n  multiple: true,\n  force: true\n});\n//choose one program that will be registered\ncy.get('#root > div > div:nth-child(3)> div:nth-child(9)> div:nth-child(1)').click();\n//verify the program is locked ('Program terkunci' button disabled)\ncy.get('[data-cy=register-vix-button]').should('be.disabled');",
          "err": {},
          "uuid": "cc9e468e-7f0e-4b90-ab91-3f6bb3a44e65",
          "parentUUID": "12d4ab0a-2814-49b2-a6cd-695788b0e407",
          "isHook": false,
          "skipped": false
        }
      ],
      "suites": [],
      "passes": [
        "cc9e468e-7f0e-4b90-ab91-3f6bb3a44e65"
      ],
      "failures": [],
      "pending": [],
      "skipped": [],
      "duration": 22300,
      "root": true,
      "rootEmpty": false,
      "_timeout": 2000
    }
  ],
  "meta": {
    "mocha": {
      "version": "7.0.1"
    },
    "mochawesome": {
      "options": {
        "quiet": false,
        "reportFilename": "mochawesome",
        "saveHtml": false,
        "saveJson": true,
        "consoleReporter": "spec",
        "useInlineDiffs": false,
        "code": true
      },
      "version": "7.1.3"
    },
    "marge": {
      "options": {
        "overwrite": false,
        "html": false,
        "json": true,
        "reportDir": "cypress\\reports\\html\\.jsons"
      },
      "version": "6.2.0"
    }
  }
}