{
  "stats": {
    "suites": 0,
    "tests": 1,
    "passes": 1,
    "pending": 0,
    "failures": 0,
    "start": "2023-04-30T19:14:44.545Z",
    "end": "2023-04-30T19:15:08.995Z",
    "duration": 24450,
    "testsRegistered": 1,
    "passPercent": 100,
    "pendingPercent": 0,
    "other": 0,
    "hasOther": false,
    "skipped": 0,
    "hasSkipped": false
  },
  "results": [
    {
      "uuid": "3114c8b9-8687-443a-b56a-700c8301b714",
      "title": "",
      "fullFile": "cypress\\e2e\\TS002-checkout vix program vip\\TC002.cy.js",
      "file": "cypress\\e2e\\TS002-checkout vix program vip\\TC002.cy.js",
      "beforeHooks": [],
      "afterHooks": [],
      "tests": [
        {
          "title": "User checkout program with the program already registered as a Basic Access and upgrade to VIP Access",
          "fullTitle": "User checkout program with the program already registered as a Basic Access and upgrade to VIP Access",
          "timedOut": null,
          "duration": 24264,
          "state": "passed",
          "speed": "slow",
          "pass": true,
          "fail": false,
          "pending": false,
          "context": "{\n  \"title\": \"cypress-mochawesome-reporter-videos\",\n  \"value\": \"cypress\\\\e2e\\\\TS002-checkout vix program vip\\\\TC002.cy.js\"\n}",
          "code": "//call login function\ncy.login();\ncy.wait(2000);\n//click rakamin academy's icon to access the main page\ncy.get(\"#root > div:nth-child(1) > nav > div > a > img\").click();\n//click hamburger menu\ncy.get(\"#root > div:nth-child(1) > div > img\").click();\ncy.wait(1000);\n//verify menu is exist\ncy.get('[data-cy=courses-navigation]').should('exist');\ncy.get('[data-cy=dashboard-page-button]').should('exist');\n//expand virtual internship and choose explore vix program\ncy.get('[data-cy=vix-dropdown-menu]').click({\n  multiple: true,\n  force: true\n});\ncy.get('[data-cy=explore-vix-navigation]').click({\n  multiple: true,\n  force: true\n});\n//verify system redirect to vix explore page\ncy.url().should('include', '/virtual-internship-experience/explore');\n//close hamburger menu pop up\ncy.get('#root > div > div:nth-child(3)').as('btn').click({\n  multiple: true,\n  force: true\n});\n//choose one program that will be registered\ncy.get('#root > div > div:nth-child(3)> div:nth-child(9)> div:nth-child(2)').click();\n//click upgrade to vip now button\ncy.get('#root > div:nth-child(1) > div:nth-child(4) > div:nth-child(2) > div > div> div> button').click({\n  force: true\n});\n//verify confirmation pop up is shown\ncy.get('[data-cy=confirmation-modal-title]').should('exist');\n//confirm to submit form filled in\ncy.get('[data-cy=button-confirm]').click();\n//verify system redirect to checkout page\ncy.url().should('include', '/checkout');\n//choose vip access\ncy.get('[data-cy=vip-access-checkbox]').click();\ncy.get('[data-cy=vip-access-checkbox]').click();\n//click lanjutkan pembayaran button\n//cy.get('[data-cy=continue-to-payment-button]').click()",
          "err": {},
          "uuid": "85cffff9-0189-4917-8fcd-1c66fe57fc64",
          "parentUUID": "3114c8b9-8687-443a-b56a-700c8301b714",
          "isHook": false,
          "skipped": false
        }
      ],
      "suites": [],
      "passes": [
        "85cffff9-0189-4917-8fcd-1c66fe57fc64"
      ],
      "failures": [],
      "pending": [],
      "skipped": [],
      "duration": 24264,
      "root": true,
      "rootEmpty": false,
      "_timeout": 2000
    }
  ],
  "meta": {
    "mocha": {
      "version": "7.0.1"
    },
    "mochawesome": {
      "options": {
        "quiet": false,
        "reportFilename": "mochawesome",
        "saveHtml": false,
        "saveJson": true,
        "consoleReporter": "spec",
        "useInlineDiffs": false,
        "code": true
      },
      "version": "7.1.3"
    },
    "marge": {
      "options": {
        "overwrite": false,
        "html": false,
        "json": true,
        "reportDir": "cypress\\reports\\html\\.jsons"
      },
      "version": "6.2.0"
    }
  }
}