{
  "stats": {
    "suites": 0,
    "tests": 1,
    "passes": 1,
    "pending": 0,
    "failures": 0,
    "start": "2023-04-30T19:08:59.235Z",
    "end": "2023-04-30T19:09:27.022Z",
    "duration": 27787,
    "testsRegistered": 1,
    "passPercent": 100,
    "pendingPercent": 0,
    "other": 0,
    "hasOther": false,
    "skipped": 0,
    "hasSkipped": false
  },
  "results": [
    {
      "uuid": "c9f899f6-73a8-44ea-b7e6-ccf6860841f7",
      "title": "",
      "fullFile": "cypress\\e2e\\TS001-checkout vix program\\TC004.cy.js",
      "file": "cypress\\e2e\\TS001-checkout vix program\\TC004.cy.js",
      "beforeHooks": [],
      "afterHooks": [],
      "tests": [
        {
          "title": "Mandatory fields in the application form are not filled in",
          "fullTitle": "Mandatory fields in the application form are not filled in",
          "timedOut": null,
          "duration": 27495,
          "state": "passed",
          "speed": "slow",
          "pass": true,
          "fail": false,
          "pending": false,
          "context": "{\n  \"title\": \"cypress-mochawesome-reporter-videos\",\n  \"value\": \"cypress\\\\e2e\\\\TS001-checkout vix program\\\\TC004.cy.js\"\n}",
          "code": "//call login function\ncy.login();\ncy.wait(2000);\n//click rakamin academy's icon to access the main page\ncy.get(\"#root > div:nth-child(1) > nav > div > a > img\").click();\n//click hamburger menu\ncy.get(\"#root > div:nth-child(1) > div > img\").click();\ncy.wait(1000);\n//verify menu is exist\ncy.get('[data-cy=courses-navigation]').should('exist');\ncy.get('[data-cy=dashboard-page-button]').should('exist');\n//expand virtual internship and choose explore vix program\ncy.get('[data-cy=vix-dropdown-menu]').click({\n  multiple: true,\n  force: true\n});\ncy.get('[data-cy=explore-vix-navigation]').click({\n  multiple: true,\n  force: true\n});\n//verify system redirect to vix explore page\ncy.url().should('include', '/virtual-internship-experience/explore');\n//close hamburger menu pop up\ncy.get('#root > div > div:nth-child(3)').as('btn').click({\n  multiple: true,\n  force: true\n});\n//choose one program that will be registered\ncy.get('#root > div > div:nth-child(3)> div:nth-child(9)> div:nth-child(1)').click();\ncy.get('[data-cy=register-vix-button]').click({\n  force: true\n});\n//verify form application is shown by system\ncy.get('[data-cy=vix-form-title]').should('exist');\n//do not fill the input field in vix application form\ncy.get('[data-cy=full-name-text-field').clear();\ncy.get('[data-cy=phone-number-text-field').clear();\ncy.get('[data-cy=linkedin-url-text-field').clear();\ncy.get('[data-cy=vix-info-source-option-1]').click();\ncy.get('[data-cy=agreement-checkbox]').click();\n//verify submit button is clickable\ncy.get('[data-cy=vix-form-submit-button]').should('not.be.disabled');\n//click submit button\ncy.get('[data-cy=vix-form-submit-button]').click();\n//verify error message is shown in the bottom of the mandatory field\ncy.get('body > div:nth-child(9) > div > div.ant-modal-wrap > div > div.ant-modal-content > div > div > div:nth-child(3) > div >  div:nth-child(2)').should('exist');\ncy.get('body > div:nth-child(9) > div > div.ant-modal-wrap > div > div.ant-modal-content > div > div > div:nth-child(4) > div > div:nth-child(2)').should('exist');\n//fill the input valued in vix application form and do not check any checkbox\ncy.get('[data-cy=full-name-text-field').type('Seio');\ncy.get('[data-cy=phone-number-text-field').type('089129876543');\ncy.get('[data-cy=linkedin-url-text-field').type('https://linkein.com/seio');\ncy.get('[data-cy=vix-info-source-option-1]').click();\ncy.get('[data-cy=agreement-checkbox]').click();\n//verify submit button is disabled\ncy.get('[data-cy=vix-form-submit-button]').should('be.disabled');",
          "err": {},
          "uuid": "401f3104-3130-4452-9c14-a2ce609a4699",
          "parentUUID": "c9f899f6-73a8-44ea-b7e6-ccf6860841f7",
          "isHook": false,
          "skipped": false
        }
      ],
      "suites": [],
      "passes": [
        "401f3104-3130-4452-9c14-a2ce609a4699"
      ],
      "failures": [],
      "pending": [],
      "skipped": [],
      "duration": 27495,
      "root": true,
      "rootEmpty": false,
      "_timeout": 2000
    }
  ],
  "meta": {
    "mocha": {
      "version": "7.0.1"
    },
    "mochawesome": {
      "options": {
        "quiet": false,
        "reportFilename": "mochawesome",
        "saveHtml": false,
        "saveJson": true,
        "consoleReporter": "spec",
        "useInlineDiffs": false,
        "code": true
      },
      "version": "7.1.3"
    },
    "marge": {
      "options": {
        "overwrite": false,
        "html": false,
        "json": true,
        "reportDir": "cypress\\reports\\html\\.jsons"
      },
      "version": "6.2.0"
    }
  }
}